{"target": -100.81414301344493, "params": {"adaptive-alpha": 0.05488135039273248, "softmax-temp": 3.5759753129254603}, "datetime": {"datetime": "2022-04-23 00:01:26", "elapsed": 0.0, "delta": 0.0}}
{"target": -104.25793527105256, "params": {"adaptive-alpha": 0.06027633760716439, "softmax-temp": 2.724461426666185}, "datetime": {"datetime": "2022-04-23 00:02:54", "elapsed": 87.705797, "delta": 87.705797}}
{"target": -107.57314870741632, "params": {"adaptive-alpha": 0.042365479933890476, "softmax-temp": 3.2295059759219744}, "datetime": {"datetime": "2022-04-23 00:04:07", "elapsed": 160.31376, "delta": 72.607963}}
{"target": -111.14690658269294, "params": {"adaptive-alpha": 0.04375872112626925, "softmax-temp": 4.458875826610321}, "datetime": {"datetime": "2022-04-23 00:05:23", "elapsed": 236.690865, "delta": 76.377105}}
{"target": -107.48664140372027, "params": {"adaptive-alpha": 0.09636627605010294, "softmax-temp": 1.917269249977006}, "datetime": {"datetime": "2022-04-23 00:06:40", "elapsed": 313.70843, "delta": 77.017565}}
{"target": -247.3570304322543, "params": {"adaptive-alpha": 0.0009142555666212138, "softmax-temp": 1.286151331309071}, "datetime": {"datetime": "2022-04-23 00:08:01", "elapsed": 395.019986, "delta": 81.311556}}
{"target": NaN, "params": {"adaptive-alpha": 0.1, "softmax-temp": 5.0}, "datetime": {"datetime": "2022-04-23 00:08:59", "elapsed": 452.930781, "delta": 57.910795}}
